There are  1 people with the first name Abdus
There are  1 people with the first name Adam
There are  1 people with the first name Agustinus
There are  1 people with the first name Albert
There are  1 people with the first name Alberto
There are  1 people with the first name Andrew
There are  1 people with the first name Arjuna
There are  1 people with the first name Chun
There are  1 people with the first name Claudia
There are  1 people with the first name Cynthia
There are  1 people with the first name Eu
There are  1 people with the first name Flora
There are  1 people with the first name George
There are  1 people with the first name Hang
There are  1 people with the first name Ivy
There are  1 people with the first name Jesus
There are  1 people with the first name JingYuan
There are  1 people with the first name Jonathan
There are  1 people with the first name Joseph
There are  1 people with the first name Justin
There are  1 people with the first name Karamvir
There are  1 people with the first name Lai
There are  1 people with the first name Ling
There are  2 people with the first name Michael
There are  1 people with the first name Mohammad
There are  1 people with the first name Paul
There are  1 people with the first name Piyapong
There are  1 people with the first name Shek
There are  1 people with the first name Stephanus
There are  1 people with the first name Tao
There are  1 people with the first name Tsz
There are  1 people with the first name Van
There are  1 people with the first name Warren
